    OpenRGB v0.9
    Commit:  from 
    Launched: 20231123_003311
====================================================================================================

1001  |Info:    ------------------------------------------------------
1001  |Info:    |               Start device detection               |
1001  |Info:    ------------------------------------------------------
1002  |Info:    Initializing HID interfaces: Success
1007  |Info:    ------------------------------------------------------
1007  |Info:    |             Detecting I2C interfaces               |
1007  |Info:    ------------------------------------------------------
1011  |Info:    Registering I2C interface: /dev/i2c-3 Device 1002:744C Subsystem: 1DA2:E471
1011  |Warning: [i2c_smbus_linux] Failed to read i2c device PCI device ID
1011  |Info:    Registering I2C interface: /dev/i2c-8 Device 0000:0000 Subsystem: 0000:0000
1011  |Info:    Registering I2C interface: /dev/i2c-4 Device 1002:744C Subsystem: 1DA2:E471
1011  |Info:    Registering I2C interface: /dev/i2c-0 Device 0000:0000 Subsystem: 0000:0000
1011  |Info:    Registering I2C interface: /dev/i2c-7 Device 1002:744C Subsystem: 1DA2:E471
1011  |Info:    ------------------------------------------------------
1011  |Info:    |               Detecting I2C devices                |
1011  |Info:    ------------------------------------------------------
1017  |Info:    ------------------------------------------------------
1017  |Info:    |               Detecting I2C PCI devices            |
1017  |Info:    ------------------------------------------------------
1018  |Info:    ------------------------------------------------------
1018  |Info:    |               Detecting HID devices                |
1018  |Info:    ------------------------------------------------------
7796  |Info:    [G Pro Wireless Gaming Mouse] Unable add this device due to missing RGB Effects Feature
9270  |Info:    [G Pro Wireless Gaming Mouse] Registering RGB controller
9448  |Info:    [B650 AORUS ELITE AX] Registering RGB controller
9669  |Info:    ------------------------------------------------------
9669  |Info:    |            Detecting libusb HID devices            |
9669  |Info:    ------------------------------------------------------
9669  |Info:    ------------------------------------------------------
9669  |Info:    |              Detecting other devices               |
9669  |Info:    ------------------------------------------------------
9680  |Info:    ------------------------------------------------------
9680  |Info:    |                Detection completed                 |
9680  |Info:    ------------------------------------------------------
9680  |Dialog:  <h2>WARNING:</h2><p>One or more I2C/SMBus interfaces failed to initialize.</p><p>RGB DRAM modules and some motherboards' onboard RGB lighting will not be available without I2C/SMBus.</p><p>On Linux, this is usually because the i2c-dev module is not loaded.  You must load the i2c-dev module along with the correct i2c driver for your motherboard.  This is usually i2c-piix4 for AMD systems and i2c-i801 for Intel systems.</p><p>See <a href='https://help.openrgb.org/'>help.openrgb.org</a> for additional troubleshooting steps if you keep seeing this message.<br></p>
53129 |ERROR:   [OpenRGBPluginsPage] Failed to install plugin: filesystem error: cannot copy: No such file or directory [] [/home/pldcanfly/.config/OpenRGB/plugins/]
179585|Info:    ------------------------------------------------------
179585|Info:    |               Start device detection               |
179585|Info:    ------------------------------------------------------
179585|Info:    Initializing HID interfaces: Success
179591|Info:    ------------------------------------------------------
179591|Info:    |             Detecting I2C interfaces               |
179591|Info:    ------------------------------------------------------
179591|Info:    Registering I2C interface: /dev/i2c-3 Device 1002:744C Subsystem: 1DA2:E471
179591|Warning: [i2c_smbus_linux] Failed to read i2c device PCI device ID
179591|Info:    Registering I2C interface: /dev/i2c-8 Device 0000:0000 Subsystem: 0000:0000
179591|Info:    Registering I2C interface: /dev/i2c-4 Device 1002:744C Subsystem: 1DA2:E471
179591|Info:    Registering I2C interface: /dev/i2c-0 Device 0000:0000 Subsystem: 0000:0000
179591|Info:    Registering I2C interface: /dev/i2c-7 Device 1002:744C Subsystem: 1DA2:E471
179591|Info:    ------------------------------------------------------
179591|Info:    |               Detecting I2C devices                |
179591|Info:    ------------------------------------------------------
179598|Info:    ------------------------------------------------------
179598|Info:    |               Detecting I2C PCI devices            |
179598|Info:    ------------------------------------------------------
179598|Info:    ------------------------------------------------------
179598|Info:    |               Detecting HID devices                |
179598|Info:    ------------------------------------------------------
181614|Info:    [G Pro Wireless Gaming Mouse] Registering RGB controller
181790|Info:    [B650 AORUS ELITE AX] Registering RGB controller
182011|Info:    ------------------------------------------------------
182011|Info:    |            Detecting libusb HID devices            |
182011|Info:    ------------------------------------------------------
182011|Info:    ------------------------------------------------------
182011|Info:    |              Detecting other devices               |
182011|Info:    ------------------------------------------------------
182012|Info:    ------------------------------------------------------
182012|Info:    |                Detection completed                 |
182012|Info:    ------------------------------------------------------
182012|Dialog:  <h2>WARNING:</h2><p>One or more I2C/SMBus interfaces failed to initialize.</p><p>RGB DRAM modules and some motherboards' onboard RGB lighting will not be available without I2C/SMBus.</p><p>On Linux, this is usually because the i2c-dev module is not loaded.  You must load the i2c-dev module along with the correct i2c driver for your motherboard.  This is usually i2c-piix4 for AMD systems and i2c-i801 for Intel systems.</p><p>See <a href='https://help.openrgb.org/'>help.openrgb.org</a> for additional troubleshooting steps if you keep seeing this message.<br></p>
456286|Info:    ------------------------------------------------------
456286|Info:    |               Start device detection               |
456286|Info:    ------------------------------------------------------
456287|Info:    Initializing HID interfaces: Success
456293|Info:    ------------------------------------------------------
456293|Info:    |             Detecting I2C interfaces               |
456293|Info:    ------------------------------------------------------
456293|Info:    Registering I2C interface: /dev/i2c-3 Device 1002:744C Subsystem: 1DA2:E471
456293|Info:    Registering I2C interface: /dev/i2c-1 Device 0000:0000 Subsystem: 0000:0000
456293|Warning: [i2c_smbus_linux] Failed to read i2c device PCI device ID
456293|Info:    Registering I2C interface: /dev/i2c-8 Device 0000:0000 Subsystem: 0000:0000
456293|Info:    Registering I2C interface: /dev/i2c-6 Device 1002:744C Subsystem: 1DA2:E471
456293|Info:    Registering I2C interface: /dev/i2c-4 Device 1002:744C Subsystem: 1DA2:E471
456293|Info:    Registering I2C interface: /dev/i2c-2 Device 1002:744C Subsystem: 1DA2:E471
456293|Info:    Registering I2C interface: /dev/i2c-0 Device 0000:0000 Subsystem: 0000:0000
456293|Warning: [i2c_smbus_linux] Failed to read i2c device PCI device ID
456293|Info:    Registering I2C interface: /dev/i2c-9 Device 0000:0000 Subsystem: 0000:0000
456293|Info:    Registering I2C interface: /dev/i2c-7 Device 1002:744C Subsystem: 1DA2:E471
456293|Info:    Registering I2C interface: /dev/i2c-5 Device 1002:744C Subsystem: 1DA2:E471
456293|Info:    ------------------------------------------------------
456293|Info:    |               Detecting I2C devices                |
456293|Info:    ------------------------------------------------------
456323|Info:    ------------------------------------------------------
456323|Info:    |               Detecting I2C PCI devices            |
456323|Info:    ------------------------------------------------------
456347|Info:    ------------------------------------------------------
456347|Info:    |               Detecting HID devices                |
456347|Info:    ------------------------------------------------------
458279|Info:    [G Pro Wireless Gaming Mouse] Registering RGB controller
458458|Info:    [B650 AORUS ELITE AX] Registering RGB controller
458681|Info:    ------------------------------------------------------
458681|Info:    |            Detecting libusb HID devices            |
458681|Info:    ------------------------------------------------------
458681|Info:    ------------------------------------------------------
458681|Info:    |              Detecting other devices               |
458681|Info:    ------------------------------------------------------
458681|Info:    ------------------------------------------------------
458681|Info:    |                Detection completed                 |
458681|Info:    ------------------------------------------------------
