    OpenRGB v0.9
    Commit:  from 
    Launched: 20231209_122502
====================================================================================================

0     |Info:    Found file: red.orp attempting to validate header
0     |Info:    Valid v4 profile found for red
0     |Info:    Found file: black.orp attempting to validate header
0     |Info:    Valid v4 profile found for black
0     |Info:    Found file: blue.orp attempting to validate header
0     |Info:    Valid v4 profile found for blue
1006  |Info:    ------------------------------------------------------
1006  |Info:    |               Start device detection               |
1006  |Info:    ------------------------------------------------------
1006  |Info:    Initializing HID interfaces: Success
1014  |Info:    ------------------------------------------------------
1014  |Info:    |             Detecting I2C interfaces               |
1014  |Info:    ------------------------------------------------------
1015  |Info:    Registering I2C interface: /dev/i2c-3 Device 1002:744C Subsystem: 1DA2:E471
1015  |Warning: [i2c_smbus_linux] Failed to read i2c device PCI device ID
1015  |Info:    Registering I2C interface: /dev/i2c-8 Device 0000:0000 Subsystem: 0000:0000
1015  |Info:    Registering I2C interface: /dev/i2c-4 Device 1002:744C Subsystem: 1DA2:E471
1015  |Info:    Registering I2C interface: /dev/i2c-0 Device 0000:0000 Subsystem: 0000:0000
1015  |Info:    Registering I2C interface: /dev/i2c-7 Device 1002:744C Subsystem: 1DA2:E471
1015  |Info:    ------------------------------------------------------
1015  |Info:    |               Detecting I2C devices                |
1015  |Info:    ------------------------------------------------------
1022  |Info:    ------------------------------------------------------
1022  |Info:    |               Detecting I2C PCI devices            |
1022  |Info:    ------------------------------------------------------
1022  |Info:    ------------------------------------------------------
1022  |Info:    |               Detecting HID devices                |
1022  |Info:    ------------------------------------------------------
1375  |Info:    Unable add this Logitech device: Not Connected
1727  |Info:    Unable add this Logitech device: Not Connected
2080  |Info:    Unable add this Logitech device: Not Connected
2433  |Info:    Unable add this Logitech device: Not Connected
2786  |Info:    Unable add this Logitech device: Not Connected
3139  |Info:    Unable add this Logitech device: Not Connected
3493  |Info:    Unable add this Logitech device: Not Connected
3847  |Info:    Unable add this Logitech device: Not Connected
4201  |Info:    Unable add this Logitech device: Not Connected
4554  |Info:    Unable add this Logitech device: Not Connected
4734  |Info:    [B650 AORUS ELITE AX] Registering RGB controller
4957  |Info:    ------------------------------------------------------
4957  |Info:    |            Detecting libusb HID devices            |
4957  |Info:    ------------------------------------------------------
4958  |Info:    ------------------------------------------------------
4958  |Info:    |              Detecting other devices               |
4958  |Info:    ------------------------------------------------------
4968  |Info:    ------------------------------------------------------
4968  |Info:    |                Detection completed                 |
4968  |Info:    ------------------------------------------------------
4968  |Dialog:  <h2>WARNING:</h2><p>One or more I2C/SMBus interfaces failed to initialize.</p><p>RGB DRAM modules and some motherboards' onboard RGB lighting will not be available without I2C/SMBus.</p><p>On Linux, this is usually because the i2c-dev module is not loaded.  You must load the i2c-dev module along with the correct i2c driver for your motherboard.  This is usually i2c-piix4 for AMD systems and i2c-i801 for Intel systems.</p><p>See <a href='https://help.openrgb.org/'>help.openrgb.org</a> for additional troubleshooting steps if you keep seeing this message.<br></p>
4973  |Info:    Profile loading: Succeeded for B650 AORUS ELITE AX @ HID: /dev/hidraw1
