    OpenRGB v0.9
    Commit:  from 
    Launched: 20231123_204304
====================================================================================================

1002  |Info:    ------------------------------------------------------
1002  |Info:    |               Start device detection               |
1002  |Info:    ------------------------------------------------------
1002  |Info:    Initializing HID interfaces: Success
1009  |Info:    ------------------------------------------------------
1009  |Info:    |             Detecting I2C interfaces               |
1009  |Info:    ------------------------------------------------------
1029  |Info:    Registering I2C interface: /dev/i2c-3 Device 1002:744C Subsystem: 1DA2:E471
1029  |Warning: [i2c_smbus_linux] Failed to read i2c device PCI device ID
1029  |Info:    Registering I2C interface: /dev/i2c-8 Device 0000:0000 Subsystem: 0000:0000
1029  |Info:    Registering I2C interface: /dev/i2c-4 Device 1002:744C Subsystem: 1DA2:E471
1029  |Info:    Registering I2C interface: /dev/i2c-0 Device 0000:0000 Subsystem: 0000:0000
1029  |Info:    Registering I2C interface: /dev/i2c-7 Device 1002:744C Subsystem: 1DA2:E471
1029  |Info:    ------------------------------------------------------
1029  |Info:    |               Detecting I2C devices                |
1029  |Info:    ------------------------------------------------------
1036  |Info:    ------------------------------------------------------
1036  |Info:    |               Detecting I2C PCI devices            |
1036  |Info:    ------------------------------------------------------
1036  |Info:    ------------------------------------------------------
1036  |Info:    |               Detecting HID devices                |
1036  |Info:    ------------------------------------------------------
5838  |Info:    [G Pro Wireless Gaming Mouse] Registering RGB controller
6015  |Info:    [B650 AORUS ELITE AX] Registering RGB controller
6240  |Info:    ------------------------------------------------------
6240  |Info:    |            Detecting libusb HID devices            |
6240  |Info:    ------------------------------------------------------
6240  |Info:    ------------------------------------------------------
6240  |Info:    |              Detecting other devices               |
6240  |Info:    ------------------------------------------------------
6249  |Info:    ------------------------------------------------------
6249  |Info:    |                Detection completed                 |
6249  |Info:    ------------------------------------------------------
6249  |Dialog:  <h2>WARNING:</h2><p>One or more I2C/SMBus interfaces failed to initialize.</p><p>RGB DRAM modules and some motherboards' onboard RGB lighting will not be available without I2C/SMBus.</p><p>On Linux, this is usually because the i2c-dev module is not loaded.  You must load the i2c-dev module along with the correct i2c driver for your motherboard.  This is usually i2c-piix4 for AMD systems and i2c-i801 for Intel systems.</p><p>See <a href='https://help.openrgb.org/'>help.openrgb.org</a> for additional troubleshooting steps if you keep seeing this message.<br></p>
159702|Info:    Found file: red.orp attempting to validate header
159702|Info:    Valid v4 profile found for red
312320|Info:    Found file: red.orp attempting to validate header
312320|Info:    Valid v4 profile found for red
314442|Info:    Profile loading: Succeeded for G Pro Wireless Gaming Mouse @ HID: /dev/hidraw8 (Receiver) 
Wireless Index: 255
314442|Info:    Profile loading: Succeeded for B650 AORUS ELITE AX @ HID: /dev/hidraw1
472755|Info:    Found file: red.orp attempting to validate header
472755|Info:    Valid v4 profile found for red
490746|Info:    Found file: red.orp attempting to validate header
490746|Info:    Valid v4 profile found for red
490746|Info:    Found file: black.orp attempting to validate header
490746|Info:    Valid v4 profile found for black
