    OpenRGB v0.9
    Commit:  from 
    Launched: 20231124_172623
====================================================================================================

0     |Info:    Found file: red.orp attempting to validate header
1     |Info:    Valid v4 profile found for red
1     |Info:    Found file: black.orp attempting to validate header
1     |Info:    Valid v4 profile found for black
1008  |Info:    ------------------------------------------------------
1008  |Info:    |               Start device detection               |
1008  |Info:    ------------------------------------------------------
1008  |Info:    Initializing HID interfaces: Success
1030  |Info:    ------------------------------------------------------
1030  |Info:    |             Detecting I2C interfaces               |
1030  |Info:    ------------------------------------------------------
1052  |Info:    Registering I2C interface: /dev/i2c-3 Device 1002:744C Subsystem: 1DA2:E471
1052  |Warning: [i2c_smbus_linux] Failed to read i2c device PCI device ID
1052  |Info:    Registering I2C interface: /dev/i2c-8 Device 0000:0000 Subsystem: 0000:0000
1052  |Info:    Registering I2C interface: /dev/i2c-4 Device 1002:744C Subsystem: 1DA2:E471
1052  |Info:    Registering I2C interface: /dev/i2c-0 Device 0000:0000 Subsystem: 0000:0000
1052  |Info:    Registering I2C interface: /dev/i2c-7 Device 1002:744C Subsystem: 1DA2:E471
1052  |Info:    ------------------------------------------------------
1052  |Info:    |               Detecting I2C devices                |
1052  |Info:    ------------------------------------------------------
1060  |Info:    ------------------------------------------------------
1060  |Info:    |               Detecting I2C PCI devices            |
1060  |Info:    ------------------------------------------------------
1061  |Info:    ------------------------------------------------------
1061  |Info:    |               Detecting HID devices                |
1061  |Info:    ------------------------------------------------------
1424  |Info:    Unable add this Logitech device: Not Connected
1787  |Info:    Unable add this Logitech device: Not Connected
3393  |Info:    [G Pro Wireless Gaming Mouse] Registering RGB controller
3570  |Info:    [B650 AORUS ELITE AX] Registering RGB controller
3794  |Info:    ------------------------------------------------------
3794  |Info:    |            Detecting libusb HID devices            |
3794  |Info:    ------------------------------------------------------
3794  |Info:    ------------------------------------------------------
3794  |Info:    |              Detecting other devices               |
3794  |Info:    ------------------------------------------------------
3808  |Info:    ------------------------------------------------------
3808  |Info:    |                Detection completed                 |
3808  |Info:    ------------------------------------------------------
3808  |Dialog:  <h2>WARNING:</h2><p>One or more I2C/SMBus interfaces failed to initialize.</p><p>RGB DRAM modules and some motherboards' onboard RGB lighting will not be available without I2C/SMBus.</p><p>On Linux, this is usually because the i2c-dev module is not loaded.  You must load the i2c-dev module along with the correct i2c driver for your motherboard.  This is usually i2c-piix4 for AMD systems and i2c-i801 for Intel systems.</p><p>See <a href='https://help.openrgb.org/'>help.openrgb.org</a> for additional troubleshooting steps if you keep seeing this message.<br></p>
207785|Info:    Profile loading: Succeeded for G Pro Wireless Gaming Mouse @ HID: /dev/hidraw8 (Receiver) 
Wireless Index: 255
207785|Info:    Profile loading: Succeeded for B650 AORUS ELITE AX @ HID: /dev/hidraw1
214451|Info:    Profile loading: Succeeded for G Pro Wireless Gaming Mouse @ HID: /dev/hidraw8 (Receiver) 
Wireless Index: 255
214451|Info:    Profile loading: Succeeded for B650 AORUS ELITE AX @ HID: /dev/hidraw1
