    OpenRGB v0.9
    Commit:  from 
    Launched: 20231204_171819
====================================================================================================

0     |Info:    Found file: red.orp attempting to validate header
0     |Info:    Valid v4 profile found for red
0     |Info:    Found file: black.orp attempting to validate header
0     |Info:    Valid v4 profile found for black
0     |Info:    Found file: blue.orp attempting to validate header
0     |Info:    Valid v4 profile found for blue
1008  |Info:    ------------------------------------------------------
1008  |Info:    |               Start device detection               |
1008  |Info:    ------------------------------------------------------
1009  |Info:    Initializing HID interfaces: Success
1020  |Info:    ------------------------------------------------------
1020  |Info:    |             Detecting I2C interfaces               |
1020  |Info:    ------------------------------------------------------
1021  |Info:    Registering I2C interface: /dev/i2c-3 Device 1002:744C Subsystem: 1DA2:E471
1021  |Warning: [i2c_smbus_linux] Failed to read i2c device PCI device ID
1021  |Info:    Registering I2C interface: /dev/i2c-8 Device 0000:0000 Subsystem: 0000:0000
1021  |Info:    Registering I2C interface: /dev/i2c-4 Device 1002:744C Subsystem: 1DA2:E471
1021  |Info:    Registering I2C interface: /dev/i2c-0 Device 0000:0000 Subsystem: 0000:0000
1021  |Info:    Registering I2C interface: /dev/i2c-7 Device 1002:744C Subsystem: 1DA2:E471
1021  |Info:    ------------------------------------------------------
1021  |Info:    |               Detecting I2C devices                |
1021  |Info:    ------------------------------------------------------
1028  |Info:    ------------------------------------------------------
1028  |Info:    |               Detecting I2C PCI devices            |
1028  |Info:    ------------------------------------------------------
1029  |Info:    ------------------------------------------------------
1029  |Info:    |               Detecting HID devices                |
1029  |Info:    ------------------------------------------------------
1598  |Info:    [G Pro Wireless Gaming Mouse] Registering RGB controller
1777  |Info:    [B650 AORUS ELITE AX] Registering RGB controller
1997  |Info:    ------------------------------------------------------
1997  |Info:    |            Detecting libusb HID devices            |
1997  |Info:    ------------------------------------------------------
1997  |Info:    ------------------------------------------------------
1997  |Info:    |              Detecting other devices               |
1997  |Info:    ------------------------------------------------------
2008  |Info:    ------------------------------------------------------
2008  |Info:    |                Detection completed                 |
2008  |Info:    ------------------------------------------------------
2008  |Dialog:  <h2>WARNING:</h2><p>One or more I2C/SMBus interfaces failed to initialize.</p><p>RGB DRAM modules and some motherboards' onboard RGB lighting will not be available without I2C/SMBus.</p><p>On Linux, this is usually because the i2c-dev module is not loaded.  You must load the i2c-dev module along with the correct i2c driver for your motherboard.  This is usually i2c-piix4 for AMD systems and i2c-i801 for Intel systems.</p><p>See <a href='https://help.openrgb.org/'>help.openrgb.org</a> for additional troubleshooting steps if you keep seeing this message.<br></p>
