    OpenRGB v0.9
    Commit:  from 
    Launched: 20231214_181504
====================================================================================================

0     |Info:    Found file: red.orp attempting to validate header
0     |Info:    Valid v4 profile found for red
0     |Info:    Found file: black.orp attempting to validate header
0     |Info:    Valid v4 profile found for black
0     |Info:    Found file: blue.orp attempting to validate header
0     |Info:    Valid v4 profile found for blue
1003  |Info:    ------------------------------------------------------
1003  |Info:    |               Start device detection               |
1003  |Info:    ------------------------------------------------------
1003  |Info:    Initializing HID interfaces: Success
1017  |Info:    ------------------------------------------------------
1017  |Info:    |             Detecting I2C interfaces               |
1017  |Info:    ------------------------------------------------------
1017  |Info:    Registering I2C interface: /dev/i2c-3 Device 1002:744C Subsystem: 1DA2:E471
1018  |Warning: [i2c_smbus_linux] Failed to read i2c device PCI device ID
1018  |Info:    Registering I2C interface: /dev/i2c-8 Device 0000:0000 Subsystem: 0000:0000
1018  |Info:    Registering I2C interface: /dev/i2c-4 Device 1002:744C Subsystem: 1DA2:E471
1018  |Info:    Registering I2C interface: /dev/i2c-0 Device 0000:0000 Subsystem: 0000:0000
1018  |Info:    Registering I2C interface: /dev/i2c-7 Device 1002:744C Subsystem: 1DA2:E471
1018  |Info:    ------------------------------------------------------
1018  |Info:    |               Detecting I2C devices                |
1018  |Info:    ------------------------------------------------------
1024  |Info:    ------------------------------------------------------
1024  |Info:    |               Detecting I2C PCI devices            |
1025  |Info:    ------------------------------------------------------
1025  |Info:    ------------------------------------------------------
1025  |Info:    |               Detecting HID devices                |
1025  |Info:    ------------------------------------------------------
1378  |Info:    Unable add this Logitech device: Not Connected
1731  |Info:    Unable add this Logitech device: Not Connected
2084  |Info:    Unable add this Logitech device: Not Connected
2438  |Info:    Unable add this Logitech device: Not Connected
2791  |Info:    Unable add this Logitech device: Not Connected
3145  |Info:    Unable add this Logitech device: Not Connected
3499  |Info:    Unable add this Logitech device: Not Connected
3852  |Info:    Unable add this Logitech device: Not Connected
4205  |Info:    Unable add this Logitech device: Not Connected
4558  |Info:    Unable add this Logitech device: Not Connected
4736  |Info:    [B650 AORUS ELITE AX] Registering RGB controller
4959  |Info:    ------------------------------------------------------
4960  |Info:    |            Detecting libusb HID devices            |
4960  |Info:    ------------------------------------------------------
4960  |Info:    ------------------------------------------------------
4960  |Info:    |              Detecting other devices               |
4960  |Info:    ------------------------------------------------------
4970  |Info:    ------------------------------------------------------
4970  |Info:    |                Detection completed                 |
4970  |Info:    ------------------------------------------------------
4970  |Dialog:  <h2>WARNING:</h2><p>One or more I2C/SMBus interfaces failed to initialize.</p><p>RGB DRAM modules and some motherboards' onboard RGB lighting will not be available without I2C/SMBus.</p><p>On Linux, this is usually because the i2c-dev module is not loaded.  You must load the i2c-dev module along with the correct i2c driver for your motherboard.  This is usually i2c-piix4 for AMD systems and i2c-i801 for Intel systems.</p><p>See <a href='https://help.openrgb.org/'>help.openrgb.org</a> for additional troubleshooting steps if you keep seeing this message.<br></p>
4971  |Info:    Profile loading: Succeeded for B650 AORUS ELITE AX @ HID: /dev/hidraw1
