    OpenRGB v0.9
    Commit:  from 
    Launched: 20231217_115557
====================================================================================================

0     |Info:    Found file: red.orp attempting to validate header
0     |Info:    Valid v4 profile found for red
0     |Info:    Found file: black.orp attempting to validate header
0     |Info:    Valid v4 profile found for black
0     |Info:    Found file: blue.orp attempting to validate header
0     |Info:    Valid v4 profile found for blue
1003  |Info:    ------------------------------------------------------
1003  |Info:    |               Start device detection               |
1003  |Info:    ------------------------------------------------------
1003  |Info:    Initializing HID interfaces: Success
1011  |Info:    ------------------------------------------------------
1011  |Info:    |             Detecting I2C interfaces               |
1011  |Info:    ------------------------------------------------------
1011  |Info:    Registering I2C interface: /dev/i2c-3 Device 1002:744C Subsystem: 1DA2:E471
1011  |Warning: [i2c_smbus_linux] Failed to read i2c device PCI device ID
1011  |Info:    Registering I2C interface: /dev/i2c-8 Device 0000:0000 Subsystem: 0000:0000
1011  |Info:    Registering I2C interface: /dev/i2c-4 Device 1002:744C Subsystem: 1DA2:E471
1011  |Info:    Registering I2C interface: /dev/i2c-0 Device 0000:0000 Subsystem: 0000:0000
1011  |Info:    Registering I2C interface: /dev/i2c-7 Device 1002:744C Subsystem: 1DA2:E471
1011  |Info:    ------------------------------------------------------
1011  |Info:    |               Detecting I2C devices                |
1011  |Info:    ------------------------------------------------------
1018  |Info:    ------------------------------------------------------
1018  |Info:    |               Detecting I2C PCI devices            |
1018  |Info:    ------------------------------------------------------
1018  |Info:    ------------------------------------------------------
1018  |Info:    |               Detecting HID devices                |
1018  |Info:    ------------------------------------------------------
1372  |Info:    Unable add this Logitech device: Not Connected
1726  |Info:    Unable add this Logitech device: Not Connected
2079  |Info:    Unable add this Logitech device: Not Connected
2432  |Info:    Unable add this Logitech device: Not Connected
2786  |Info:    Unable add this Logitech device: Not Connected
3139  |Info:    Unable add this Logitech device: Not Connected
3492  |Info:    Unable add this Logitech device: Not Connected
3845  |Info:    Unable add this Logitech device: Not Connected
4198  |Info:    Unable add this Logitech device: Not Connected
4551  |Info:    Unable add this Logitech device: Not Connected
4732  |Info:    [B650 AORUS ELITE AX] Registering RGB controller
4958  |Info:    ------------------------------------------------------
4958  |Info:    |            Detecting libusb HID devices            |
4958  |Info:    ------------------------------------------------------
4958  |Info:    ------------------------------------------------------
4958  |Info:    |              Detecting other devices               |
4958  |Info:    ------------------------------------------------------
4969  |Info:    ------------------------------------------------------
4969  |Info:    |                Detection completed                 |
4969  |Info:    ------------------------------------------------------
4969  |Dialog:  <h2>WARNING:</h2><p>One or more I2C/SMBus interfaces failed to initialize.</p><p>RGB DRAM modules and some motherboards' onboard RGB lighting will not be available without I2C/SMBus.</p><p>On Linux, this is usually because the i2c-dev module is not loaded.  You must load the i2c-dev module along with the correct i2c driver for your motherboard.  This is usually i2c-piix4 for AMD systems and i2c-i801 for Intel systems.</p><p>See <a href='https://help.openrgb.org/'>help.openrgb.org</a> for additional troubleshooting steps if you keep seeing this message.<br></p>
4974  |Info:    Profile loading: Succeeded for B650 AORUS ELITE AX @ HID: /dev/hidraw1
