    OpenRGB v0.9
    Commit:  from 
    Launched: 20231210_124159
====================================================================================================

0     |Info:    Found file: red.orp attempting to validate header
0     |Info:    Valid v4 profile found for red
0     |Info:    Found file: black.orp attempting to validate header
0     |Info:    Valid v4 profile found for black
0     |Info:    Found file: blue.orp attempting to validate header
1     |Info:    Valid v4 profile found for blue
1004  |Info:    ------------------------------------------------------
1004  |Info:    |               Start device detection               |
1004  |Info:    ------------------------------------------------------
1004  |Info:    Initializing HID interfaces: Success
1014  |Info:    ------------------------------------------------------
1014  |Info:    |             Detecting I2C interfaces               |
1014  |Info:    ------------------------------------------------------
1014  |Info:    Registering I2C interface: /dev/i2c-3 Device 1002:744C Subsystem: 1DA2:E471
1014  |Warning: [i2c_smbus_linux] Failed to read i2c device PCI device ID
1014  |Info:    Registering I2C interface: /dev/i2c-8 Device 0000:0000 Subsystem: 0000:0000
1014  |Info:    Registering I2C interface: /dev/i2c-4 Device 1002:744C Subsystem: 1DA2:E471
1014  |Info:    Registering I2C interface: /dev/i2c-0 Device 0000:0000 Subsystem: 0000:0000
1015  |Info:    Registering I2C interface: /dev/i2c-7 Device 1002:744C Subsystem: 1DA2:E471
1015  |Info:    ------------------------------------------------------
1015  |Info:    |               Detecting I2C devices                |
1015  |Info:    ------------------------------------------------------
1021  |Info:    ------------------------------------------------------
1021  |Info:    |               Detecting I2C PCI devices            |
1021  |Info:    ------------------------------------------------------
1022  |Info:    ------------------------------------------------------
1022  |Info:    |               Detecting HID devices                |
1022  |Info:    ------------------------------------------------------
1375  |Info:    Unable add this Logitech device: Not Connected
1728  |Info:    Unable add this Logitech device: Not Connected
2082  |Info:    Unable add this Logitech device: Not Connected
2435  |Info:    Unable add this Logitech device: Not Connected
2788  |Info:    Unable add this Logitech device: Not Connected
3141  |Info:    Unable add this Logitech device: Not Connected
3495  |Info:    Unable add this Logitech device: Not Connected
3849  |Info:    Unable add this Logitech device: Not Connected
4203  |Info:    Unable add this Logitech device: Not Connected
4557  |Info:    Unable add this Logitech device: Not Connected
4741  |Info:    [B650 AORUS ELITE AX] Registering RGB controller
4966  |Info:    ------------------------------------------------------
4966  |Info:    |            Detecting libusb HID devices            |
4966  |Info:    ------------------------------------------------------
4966  |Info:    ------------------------------------------------------
4966  |Info:    |              Detecting other devices               |
4966  |Info:    ------------------------------------------------------
4977  |Info:    ------------------------------------------------------
4977  |Info:    |                Detection completed                 |
4977  |Info:    ------------------------------------------------------
4977  |Dialog:  <h2>WARNING:</h2><p>One or more I2C/SMBus interfaces failed to initialize.</p><p>RGB DRAM modules and some motherboards' onboard RGB lighting will not be available without I2C/SMBus.</p><p>On Linux, this is usually because the i2c-dev module is not loaded.  You must load the i2c-dev module along with the correct i2c driver for your motherboard.  This is usually i2c-piix4 for AMD systems and i2c-i801 for Intel systems.</p><p>See <a href='https://help.openrgb.org/'>help.openrgb.org</a> for additional troubleshooting steps if you keep seeing this message.<br></p>
4977  |Info:    Profile loading: Succeeded for B650 AORUS ELITE AX @ HID: /dev/hidraw1
